<?xml version="1.0" encoding="utf-8"?><testsuites name="pytest tests"><testsuite name="pytest" errors="0" failures="0" skipped="0" tests="8" time="10.170" timestamp="2026-05-13T16:37:18.444323+00:00" hostname="agent-env-780dad87-85de-49b1-ae14-87b6580a22a1"><testcase classname="backend.tests.test_email_mediator.TestEmailStatus" name="test_status_returns_not_configured" time="0.705" /><testcase classname="backend.tests.test_email_mediator.TestEmailStatus" name="test_status_requires_auth" time="0.286" /><testcase classname="backend.tests.test_email_mediator.TestEmailMediatorValidation" name="test_unauthenticated" time="0.118" /><testcase classname="backend.tests.test_email_mediator.TestEmailMediatorValidation" name="test_invalid_email_returns_422" time="0.111" /><testcase classname="backend.tests.test_email_mediator.TestEmailMediatorValidation" name="test_no_docs_returns_400" time="0.174" /><testcase classname="backend.tests.test_email_mediator.TestEmailMediatorValidation" name="test_bogus_summary_id_returns_404" time="0.138" /><testcase classname="backend.tests.test_email_mediator.TestEmailMediatorValidation" name="test_bogus_agreement_id_returns_404" time="0.132" /><testcase classname="backend.tests.test_email_mediator.TestEmailNotConfiguredPath" name="test_valid_summary_returns_503_when_smtp_blank" time="8.480" /></testsuite></testsuites>