<?xml version="1.0" encoding="utf-8"?><testsuites name="pytest tests"><testsuite name="pytest" errors="0" failures="1" skipped="0" tests="15" time="24.631" timestamp="2026-05-12T12:44:39.754589+00:00" hostname="agent-env-780dad87-85de-49b1-ae14-87b6580a22a1"><testcase classname="backend.tests.backend_test.TestHealth" name="test_health_ok" time="0.227" /><testcase classname="backend.tests.backend_test.TestHealth" name="test_root_ok" time="0.183" /><testcase classname="backend.tests.backend_test.TestAuth" name="test_register_login_me" time="0.444"><failure message="AssertionError: assert 'test_auth_ee9e7199@test.com' == 'TEST_auth_ee9e7199@test.com'&#10;  &#10;  - TEST_auth_ee9e7199@test.com&#10;  ? ^^^^&#10;  + test_auth_ee9e7199@test.com&#10;  ? ^^^^">backend/tests/backend_test.py:41: in test_register_login_me
    assert data["user"]["email"] == email
E   AssertionError: assert 'test_auth_ee9e7199@test.com' == 'TEST_auth_ee9e7199@test.com'
E     
E     - TEST_auth_ee9e7199@test.com
E     ? ^^^^
E     + test_auth_ee9e7199@test.com
E     ? ^^^^</failure></testcase><testcase classname="backend.tests.backend_test.TestAuth" name="test_me_unauthorized" time="0.125" /><testcase classname="backend.tests.backend_test.TestAuth" name="test_profile_update" time="0.593" /><testcase classname="backend.tests.backend_test.TestAuth" name="test_logout" time="0.126" /><testcase classname="backend.tests.backend_test.TestMediationSave" name="test_child_goals_save_and_prep" time="0.208" /><testcase classname="backend.tests.backend_test.TestMediationSave" name="test_issues_save" time="0.232" /><testcase classname="backend.tests.backend_test.TestMediationSave" name="test_priority_save" time="0.183" /><testcase classname="backend.tests.backend_test.TestMediationSave" name="test_comm_style_save" time="0.109" /><testcase classname="backend.tests.backend_test.TestMediationSave" name="test_readiness_save" time="0.188" /><testcase classname="backend.tests.backend_test.TestResources" name="test_resources_listed" time="0.113" /><testcase classname="backend.tests.backend_test.TestAI" name="test_analyze_communication" time="11.452" /><testcase classname="backend.tests.backend_test.TestAI" name="test_summary_and_pdf" time="9.864" /><testcase classname="backend.tests.backend_test.TestAI" name="test_summary_requires_prep" time="0.519" /></testsuite></testsuites>